<?xml version="1.0" encoding="UTF-8"?>
<!-- Generated by org.testng.reporters.JUnitReportReporter -->
<testsuite hostname="NonOpsDev87" failures="0" tests="1" name="GTZTransportation.gtz.FreightPayment_AccountPayableTest" time="15.526" errors="0" timestamp="2024-01-17T21:35:46 GMT+05:00" skipped="0">
  <testcase classname="GTZTransportation.gtz.FreightPayment_AccountPayableTest" name="FreightPayment_Account_Payable" time="15.526"/>
  <system-out/>
</testsuite> <!-- GTZTransportation.gtz.FreightPayment_AccountPayableTest -->
