<?xml version="1.0" encoding="UTF-8"?>
<!-- Generated by org.testng.reporters.JUnitReportReporter -->
<testsuite hostname="NonOpsDev87" failures="0" tests="1" name="GTZTransportation.gtz.Transport_Admin_SpotQuoteTest" time="15.649" errors="0" timestamp="2024-01-12T11:42:26 GMT+05:00" skipped="0">
  <testcase classname="GTZTransportation.gtz.Transport_Admin_SpotQuoteTest" name="spotQuote_Transport_Admin_Tests" time="15.649"/>
  <system-out/>
</testsuite> <!-- GTZTransportation.gtz.Transport_Admin_SpotQuoteTest -->
