<?xml version="1.0" encoding="UTF-8"?>
<!-- Generated by org.testng.reporters.JUnitReportReporter -->
<testsuite hostname="NonOpsDev87" failures="0" tests="1" name="GTZTransportation.gtz.Transport_Admin_SpotQuoteTest" time="14.223" errors="0" timestamp="2024-02-26T23:43:19 GMT+05:00" skipped="0">
  <testcase classname="GTZTransportation.gtz.Transport_Admin_SpotQuoteTest" name="spotQuote_Transport_Admin_Tests" time="14.223"/>
  <system-out/>
</testsuite> <!-- GTZTransportation.gtz.Transport_Admin_SpotQuoteTest -->
