<?xml version="1.0" encoding="UTF-8"?>
<!-- Generated by org.testng.reporters.JUnitReportReporter -->
<testsuite hostname="NonOpsDev87" failures="0" tests="1" name="GTZTransportation.gtz.CreateDirectLoad_AwardTest" time="98.640" errors="0" timestamp="2024-01-24T20:14:18 GMT+05:00" skipped="0">
  <testcase classname="GTZTransportation.gtz.CreateDirectLoad_AwardTest" name="spotQuote_DirectLoad_Tests" time="98.640"/>
  <system-out/>
</testsuite> <!-- GTZTransportation.gtz.CreateDirectLoad_AwardTest -->
