<?xml version="1.0" encoding="UTF-8"?>
<!-- Generated by org.testng.reporters.JUnitReportReporter -->
<testsuite hostname="NonOpsDev87" failures="0" tests="1" name="GTZTransportation.gtz.LoadFlow_SpotQuoteTest" time="131.423" errors="0" timestamp="2023-12-21T20:16:14 GMT+05:00" skipped="0">
  <testcase classname="GTZTransportation.gtz.LoadFlow_SpotQuoteTest" name="spotQuote_CompleteLoadFlow_Tests" time="131.423"/>
  <system-out/>
</testsuite> <!-- GTZTransportation.gtz.LoadFlow_SpotQuoteTest -->
