<?xml version="1.0" encoding="UTF-8"?>
<!-- Generated by org.testng.reporters.JUnitReportReporter -->
<testsuite hostname="NonOpsDev87" failures="0" tests="1" name="GTZTransportation.gtz.CreateBOL_FindRates_CustomerRouted_Test" time="51.348" errors="0" timestamp="2024-01-16T21:54:36 GMT+05:00" skipped="0">
  <testcase classname="GTZTransportation.gtz.CreateBOL_FindRates_CustomerRouted_Test" name="FindRates_BOL_Creation_CustomerRouted_Tests" time="51.348"/>
  <system-out/>
</testsuite> <!-- GTZTransportation.gtz.CreateBOL_FindRates_CustomerRouted_Test -->
