<?xml version="1.0" encoding="UTF-8"?>
<!-- Generated by org.testng.reporters.JUnitReportReporter -->
<testsuite hostname="NonOpsDev87" failures="0" tests="1" name="GTZTransportation.gtz.LPS_GeneralTest" time="34.283" errors="0" timestamp="2024-01-23T22:33:36 GMT+05:00" skipped="0">
  <testcase classname="GTZTransportation.gtz.LPS_GeneralTest" name="LPS_General_Tests" time="34.283"/>
  <system-out/>
</testsuite> <!-- GTZTransportation.gtz.LPS_GeneralTest -->
