<?xml version="1.0" encoding="UTF-8"?>
<!-- Generated by org.testng.reporters.JUnitReportReporter -->
<testsuite hostname="NonOpsDev87" failures="0" tests="1" name="GTZTransportation.gtz.FreightPayment_ClientAdminTest" time="11.086" errors="0" timestamp="2024-02-02T15:14:53 GMT+05:00" skipped="0">
  <testcase classname="GTZTransportation.gtz.FreightPayment_ClientAdminTest" name="FreightPayment_ClientAdmin_tests" time="11.086"/>
  <system-out/>
</testsuite> <!-- GTZTransportation.gtz.FreightPayment_ClientAdminTest -->
