<?xml version="1.0" encoding="UTF-8"?>
<!-- Generated by org.testng.reporters.JUnitReportReporter -->
<testsuite hostname="NonOpsDev87" failures="0" tests="1" name="GTZTransportation.gtz.Load_Admin_SpotQuoteTest" time="12.392" errors="0" timestamp="2024-01-05T16:20:28 GMT+05:00" skipped="0">
  <testcase classname="GTZTransportation.gtz.Load_Admin_SpotQuoteTest" name="spotQuote_LoadServices_Admin_Tests" time="12.392"/>
  <system-out/>
</testsuite> <!-- GTZTransportation.gtz.Load_Admin_SpotQuoteTest -->
