<?xml version="1.0" encoding="UTF-8"?>
<!-- Generated by org.testng.reporters.JUnitReportReporter -->
<testsuite hostname="NonOpsDev87" failures="0" tests="1" name="GTZTransportation.gtz.User_Admin_SpotQuoteTest" time="20.365" errors="0" timestamp="2023-12-25T22:27:01 GMT+05:00" skipped="0">
  <testcase classname="GTZTransportation.gtz.User_Admin_SpotQuoteTest" name="spotQuote_Users_Admin_Tests" time="20.365"/>
  <system-out/>
</testsuite> <!-- GTZTransportation.gtz.User_Admin_SpotQuoteTest -->
