<?xml version="1.0" encoding="UTF-8"?>
<!-- Generated by org.testng.reporters.JUnitReportReporter -->
<testsuite hostname="NonOpsDev87" failures="0" tests="1" name="GTZTransportation.gtz.Expressions_Admin_SpotQuoteTest" time="11.740" errors="0" timestamp="2024-01-24T20:14:18 GMT+05:00" skipped="0">
  <testcase classname="GTZTransportation.gtz.Expressions_Admin_SpotQuoteTest" name="spotQuote_Expressions_Admin_Tests" time="11.740"/>
  <system-out/>
</testsuite> <!-- GTZTransportation.gtz.Expressions_Admin_SpotQuoteTest -->
