<?xml version="1.0" encoding="UTF-8"?>
<!-- Generated by org.testng.reporters.JUnitReportReporter -->
<testsuite hostname="NonOpsDev87" failures="0" tests="1" name="GTZTransportation.gtz.LoadFlow_SpotQuoteTest" time="126.006" errors="0" timestamp="2024-01-17T21:35:46 GMT+05:00" skipped="0">
  <testcase classname="GTZTransportation.gtz.LoadFlow_SpotQuoteTest" name="spotQuote_CompleteLoadFlow_Tests" time="126.006"/>
  <system-out/>
</testsuite> <!-- GTZTransportation.gtz.LoadFlow_SpotQuoteTest -->
