<?xml version="1.0" encoding="UTF-8"?>
<!-- Generated by org.testng.reporters.JUnitReportReporter -->
<testsuite hostname="NonOpsDev87" failures="0" tests="1" name="GTZTransportation.gtz.Customer_Admin_SpotQuoteTest" time="14.119" errors="0" timestamp="2024-01-12T11:42:26 GMT+05:00" skipped="0">
  <testcase classname="GTZTransportation.gtz.Customer_Admin_SpotQuoteTest" name="spotQuote_Customers_Admin_Tests" time="14.119"/>
  <system-out/>
</testsuite> <!-- GTZTransportation.gtz.Customer_Admin_SpotQuoteTest -->
