<?xml version="1.0" encoding="UTF-8"?>
<!-- Generated by org.testng.reporters.JUnitReportReporter -->
<testsuite hostname="NonOpsDev87" failures="0" tests="1" name="GTZTransportation.gtz.FreightPayment_AccountPayableTest" time="16.516" errors="0" timestamp="2024-02-26T23:43:19 GMT+05:00" skipped="0">
  <testcase classname="GTZTransportation.gtz.FreightPayment_AccountPayableTest" name="FreightPayment_Account_Payable" time="16.516"/>
  <system-out/>
</testsuite> <!-- GTZTransportation.gtz.FreightPayment_AccountPayableTest -->
