<?xml version="1.0" encoding="UTF-8"?>
<!-- Generated by org.testng.reporters.JUnitReportReporter -->
<testsuite hostname="NonOpsDev87" failures="0" tests="1" name="GTZTransportation.gtz.Carriers_Admin_SpotQuoteTest" time="13.588" errors="0" timestamp="2024-01-16T21:54:36 GMT+05:00" skipped="0">
  <testcase classname="GTZTransportation.gtz.Carriers_Admin_SpotQuoteTest" name="spotQuote_Carriers_Admin_Tests" time="13.588"/>
  <system-out/>
</testsuite> <!-- GTZTransportation.gtz.Carriers_Admin_SpotQuoteTest -->
