<?xml version="1.0" encoding="UTF-8"?>
<!-- Generated by org.testng.reporters.JUnitReportReporter -->
<testsuite hostname="NonOpsDev87" failures="0" tests="1" name="GTZTransportation.gtz.Requirment_Admin_SpotQuoteTest" time="12.740" errors="0" timestamp="2024-02-26T23:43:20 GMT+05:00" skipped="0">
  <testcase classname="GTZTransportation.gtz.Requirment_Admin_SpotQuoteTest" name="spotQuote_Requirment_Admin_Tests" time="12.740"/>
  <system-out/>
</testsuite> <!-- GTZTransportation.gtz.Requirment_Admin_SpotQuoteTest -->
