<?xml version="1.0" encoding="UTF-8"?>
<!-- Generated by org.testng.reporters.JUnitReportReporter -->
<testsuite hostname="NonOpsDev87" failures="0" tests="1" name="GTZTransportation.gtz.KSXAdmin_ManageShipmentTest" time="95.278" errors="0" timestamp="2024-01-12T11:42:26 GMT+05:00" skipped="0">
  <testcase classname="GTZTransportation.gtz.KSXAdmin_ManageShipmentTest" name="KSXAdmin_ManageShipment_Tests" time="95.278"/>
  <system-out/>
</testsuite> <!-- GTZTransportation.gtz.KSXAdmin_ManageShipmentTest -->
