<?xml version="1.0" encoding="UTF-8"?>
<!-- Generated by org.testng.reporters.JUnitReportReporter -->
<testsuite hostname="NonOpsDev87" failures="0" tests="1" name="GTZTransportation.gtz.KeyRevenue_AdminTest" time="38.494" errors="0" timestamp="2024-01-23T00:20:48 GMT+05:00" skipped="0">
  <testcase classname="GTZTransportation.gtz.KeyRevenue_AdminTest" name="KeyRevenue_Admin_tests" time="38.494"/>
  <system-out/>
</testsuite> <!-- GTZTransportation.gtz.KeyRevenue_AdminTest -->
