<?xml version="1.0" encoding="UTF-8"?>
<!-- Generated by org.testng.reporters.JUnitReportReporter -->
<testsuite hostname="NonOpsDev87" failures="0" tests="1" name="GTZTransportation.gtz.KeyRevenue_CustomerTest" time="20.971" errors="0" timestamp="2024-01-16T21:54:36 GMT+05:00" skipped="0">
  <testcase classname="GTZTransportation.gtz.KeyRevenue_CustomerTest" name="FreightPayment_Customer_tests" time="20.971"/>
  <system-out/>
</testsuite> <!-- GTZTransportation.gtz.KeyRevenue_CustomerTest -->
