<?xml version="1.0" encoding="UTF-8"?>
<!-- Generated by org.testng.reporters.JUnitReportReporter -->
<testsuite hostname="NonOpsDev87" failures="0" tests="1" name="GTZTransportation.gtz.KeyRevenue_AdminTest" time="39.562" errors="0" timestamp="2024-01-17T15:20:09 GMT+05:00" skipped="0">
  <testcase classname="GTZTransportation.gtz.KeyRevenue_AdminTest" name="FreightPayment_Admin_tests" time="39.562"/>
  <system-out/>
</testsuite> <!-- GTZTransportation.gtz.KeyRevenue_AdminTest -->
