<?xml version="1.0" encoding="UTF-8"?>
<!-- Generated by org.testng.reporters.JUnitReportReporter -->
<testsuite hostname="NonOpsDev87" failures="0" tests="1" name="GTZTransportation.gtz.FreightPayment_MissingCarriersTest" time="71.408" errors="0" timestamp="2024-01-12T11:42:26 GMT+05:00" skipped="0">
  <testcase classname="GTZTransportation.gtz.FreightPayment_MissingCarriersTest" name="FreightPayment_Missing_Carriers" time="71.408"/>
  <system-out/>
</testsuite> <!-- GTZTransportation.gtz.FreightPayment_MissingCarriersTest -->
