<?xml version="1.0" encoding="UTF-8"?>
<!-- Generated by org.testng.reporters.JUnitReportReporter -->
<testsuite hostname="NonOpsDev87" failures="0" tests="1" name="GTZTransportation.gtz.LoadBoard_SpotQuoteTest" time="71.428" errors="0" timestamp="2023-12-25T22:27:01 GMT+05:00" skipped="0">
  <testcase classname="GTZTransportation.gtz.LoadBoard_SpotQuoteTest" name="spotQuote_LoadBoard_Search_Tests" time="71.428"/>
  <system-out/>
</testsuite> <!-- GTZTransportation.gtz.LoadBoard_SpotQuoteTest -->
