<?xml version="1.0" encoding="UTF-8"?>
<!-- Generated by org.testng.reporters.JUnitReportReporter -->
<testsuite hostname="NonOpsDev87" failures="0" tests="1" name="GTZTransportation.gtz.CreateDirectLoad_AwardTest" time="101.858" errors="0" timestamp="2024-01-17T21:35:45 GMT+05:00" skipped="0">
  <testcase classname="GTZTransportation.gtz.CreateDirectLoad_AwardTest" name="spotQuote_DirectLoad_Tests" time="101.858"/>
  <system-out/>
</testsuite> <!-- GTZTransportation.gtz.CreateDirectLoad_AwardTest -->
