<?xml version="1.0" encoding="UTF-8"?>
<!-- Generated by org.testng.reporters.JUnitReportReporter -->
<testsuite hostname="NonOpsDev87" failures="0" tests="1" name="GTZTransportation.gtz.CreateDirectLoad_AwardTest" time="104.184" errors="0" timestamp="2023-12-25T22:27:01 GMT+05:00" skipped="0">
  <testcase classname="GTZTransportation.gtz.CreateDirectLoad_AwardTest" name="spotQuote_DirectLoad_Tests" time="104.184"/>
  <system-out/>
</testsuite> <!-- GTZTransportation.gtz.CreateDirectLoad_AwardTest -->
